"../../../Engine/Content/BasicShapes/BasicShapeMaterial.uasset" 0
"../../../Engine/Content/Functions/Engine_MaterialFunctions01/Opacity/CameraDepthFade.uasset" 1
"../../../Engine/Content/EngineMaterials/T_Default_Material_Grid_N.uasset" 2
"../../../Engine/Content/EngineMaterials/T_Default_Material_Grid_M.uasset" 3
"../../../Engine/Content/EngineMaterials/DefaultMaterial.uasset" 4
"../../../Engine/Content/BasicShapes/Sphere.uasset" 5
"../../../../../UEWorkspace_book/xyz/MyProject/Content/Core/Characters/BP_BasePawn.uasset" 6
"../../../Engine/Content/Functions/MaterialLayerFunctions/MatLayerBlend_Simple.uasset" 7
"../../../Engine/Content/Functions/Engine_MaterialFunctions02/Utility/BlendAngleCorrectedNormals.uasset" 8
"../../../Engine/Content/Functions/MaterialLayerFunctions/MatLayerBlend_NormalBlend.uasset" 9
"../../../../../UEWorkspace_book/xyz/MyProject/Content/Core/Characters/FP_Player/FirstPerson/Character/Materials/M_UE4Man_Body.uasset" 10
"../../../../../UEWorkspace_book/xyz/MyProject/Content/Core/Characters/FP_Player/FirstPerson/Character/Materials/MaterialLayers/ML_GlossyBlack_Latex_UE4.uasset" 11
"../../../../../UEWorkspace_book/xyz/MyProject/Content/Core/Characters/FP_Player/FirstPerson/Character/Materials/MaterialLayers/ML_Plastic_Shiny_Beige.uasset" 12
"../../../../../UEWorkspace_book/xyz/MyProject/Content/Core/Characters/FP_Player/FirstPerson/Character/Materials/MaterialLayers/ML_Plastic_Shiny_Beige_LOGO.uasset" 13
"../../../../../UEWorkspace_book/xyz/MyProject/Content/Core/Characters/FP_Player/FirstPerson/Character/Materials/MaterialLayers/ML_SoftMetal_UE4.uasset" 14
"../../../../../UEWorkspace_book/xyz/MyProject/Content/Core/Characters/FP_Player/FirstPerson/Character/Materials/MaterialLayers/T_ML_Aluminum01.uasset" 15
"../../../../../UEWorkspace_book/xyz/MyProject/Content/Core/Characters/FP_Player/FirstPerson/Character/Materials/MaterialLayers/T_ML_Aluminum01_N.uasset" 16
"../../../../../UEWorkspace_book/xyz/MyProject/Content/Core/Characters/FP_Player/FirstPerson/Character/Materials/MaterialLayers/T_ML_Rubber_Blue_01_D.uasset" 17
"../../../../../UEWorkspace_book/xyz/MyProject/Content/Core/Characters/FP_Player/FirstPerson/Character/Materials/MaterialLayers/T_ML_Rubber_Blue_01_N.uasset" 18
"../../../../../UEWorkspace_book/xyz/MyProject/Content/Core/Characters/FP_Player/FirstPerson/Character/Textures/T_UE4_LOGO_CARD.uasset" 19
"../../../../../UEWorkspace_book/xyz/MyProject/Content/Core/Characters/FP_Player/FirstPerson/Character/Textures/T_UE4_Mannequin_MAT_MASKA.uasset" 20
"../../../../../UEWorkspace_book/xyz/MyProject/Content/Core/Characters/FP_Player/FirstPerson/Character/Textures/T_UE4_Mannequin__normals.uasset" 21
"../../../../../UEWorkspace_book/xyz/MyProject/Content/Core/Characters/Player/Materials/MI_Female_Body.uasset" 22
"../../../../../UEWorkspace_book/xyz/MyProject/Content/Core/Characters/Player/Materials/M_Male_Body.uasset" 23
"../../../../../UEWorkspace_book/xyz/MyProject/Content/Core/Characters/Player/Materials/M_UE4Man_ChestLogo.uasset" 24
"../../../../../UEWorkspace_book/xyz/MyProject/Content/Core/Characters/Player/Materials/MaterialLayers/ML_GlossyBlack_Latex_UE4.uasset" 25
"../../../../../UEWorkspace_book/xyz/MyProject/Content/Core/Characters/Player/Materials/MaterialLayers/ML_Plastic_Shiny_Beige.uasset" 26
"../../../../../UEWorkspace_book/xyz/MyProject/Content/Core/Characters/Player/Materials/MaterialLayers/ML_Plastic_Shiny_Beige_LOGO.uasset" 27
"../../../../../UEWorkspace_book/xyz/MyProject/Content/Core/Characters/Player/Materials/MaterialLayers/ML_SoftMetal_UE4.uasset" 28
"../../../../../UEWorkspace_book/xyz/MyProject/Content/Core/Characters/Player/Materials/MaterialLayers/T_ML_Aluminum01.uasset" 29
"../../../../../UEWorkspace_book/xyz/MyProject/Content/Core/Characters/Player/Materials/MaterialLayers/T_ML_Aluminum01_N.uasset" 30
"../../../../../UEWorkspace_book/xyz/MyProject/Content/Core/Characters/Player/Materials/MaterialLayers/T_ML_Rubber_Blue_01_D.uasset" 31
"../../../../../UEWorkspace_book/xyz/MyProject/Content/Core/Characters/Player/Materials/MaterialLayers/T_ML_Rubber_Blue_01_N.uasset" 32
"../../../../../UEWorkspace_book/xyz/MyProject/Content/Core/Characters/Player/Mesh/SK_Mannequin_Female.uasset" 33
"../../../../../UEWorkspace_book/xyz/MyProject/Content/Core/Characters/Player/Mesh/SK_Mannequin_Female_PhysicsAsset.uasset" 34
"../../../../../UEWorkspace_book/xyz/MyProject/Content/Core/Characters/Player/Mesh/SK_Mannequin_PhysicsAsset.uasset" 35
"../../../../../UEWorkspace_book/xyz/MyProject/Content/Core/Characters/Player/Textures/T_Female_Mask.uasset" 36
"../../../../../UEWorkspace_book/xyz/MyProject/Content/Core/Characters/Player/Textures/T_Female_N.uasset" 37
"../../../../../UEWorkspace_book/xyz/MyProject/Content/Core/Characters/Player/Textures/T_Male_Mask.uasset" 38
"../../../../../UEWorkspace_book/xyz/MyProject/Content/Core/Characters/Player/Textures/T_Male_N.uasset" 39
"../../../../../UEWorkspace_book/xyz/MyProject/Content/Core/Characters/Player/Textures/T_UE4Logo_Mask.uasset" 40
"../../../../../UEWorkspace_book/xyz/MyProject/Content/Core/Characters/Player/Textures/T_UE4Logo_N.uasset" 41
"../../../../../UEWorkspace_book/xyz/MyProject/Content/Core/Curve/CurveProgressBarTimeLine.uasset" 42
"../../../../../UEWorkspace_book/xyz/MyProject/Content/Core/Curve/CurvePlayerFallDamage.uasset" 43
"../../../../../UEWorkspace_book/xyz/MyProject/Content/Core/Curve/CurveForIkFootTimeline.uasset" 44
"../../../../../UEWorkspace_book/xyz/MyProject/Content/Core/Curve/CurveCameraTimeLine.uasset" 45
"../../../../../UEWorkspace_book/xyz/MyProject/Content/MCO_Mocap_Basics/Character/Mesh/SK_Mannequin_PhysicsAsset.uasset" 46
"../../../../../UEWorkspace_book/xyz/MyProject/Content/MCO_Mocap_Basics/Character/Textures/UE4Man_Logo_N.uasset" 47
"../../../../../UEWorkspace_book/xyz/MyProject/Content/MCO_Mocap_Basics/Character/Textures/UE4_Mannequin_occlusion.uasset" 48
"../../../../../UEWorkspace_book/xyz/MyProject/Content/MCO_Mocap_Basics/Character/Textures/UE4_Mannequin_MAT_MASKA.uasset" 49
"../../../../../UEWorkspace_book/xyz/MyProject/Content/MCO_Mocap_Basics/Character/Textures/UE4_Mannequin__normals.uasset" 50
"../../../../../UEWorkspace_book/xyz/MyProject/Content/MCO_Mocap_Basics/Character/Materials/MaterialLayers/T_ML_Aluminum01_N.uasset" 51
"../../../../../UEWorkspace_book/xyz/MyProject/Content/MCO_Mocap_Basics/Character/Materials/MaterialLayers/T_ML_Aluminum01.uasset" 52
"../../../../../UEWorkspace_book/xyz/MyProject/Content/MCO_Mocap_Basics/Character/Materials/MaterialLayers/ML_SoftMetal_UE4.uasset" 53
"../../../../../UEWorkspace_book/xyz/MyProject/Content/MCO_Mocap_Basics/Character/Textures/UE4_LOGO_CARD.uasset" 54
"../../../../../UEWorkspace_book/xyz/MyProject/Content/MCO_Mocap_Basics/Character/Materials/MaterialLayers/ML_Plastic_Shiny_Beige_LOGO.uasset" 55
"../../../../../UEWorkspace_book/xyz/MyProject/Content/MCO_Mocap_Basics/Character/Materials/MaterialLayers/ML_Plastic_Shiny_Beige.uasset" 56
"../../../../../UEWorkspace_book/xyz/MyProject/Content/MCO_Mocap_Basics/Character/Materials/MaterialLayers/T_ML_Rubber_Blue_01_N.uasset" 57
"../../../../../UEWorkspace_book/xyz/MyProject/Content/MCO_Mocap_Basics/Character/Materials/MaterialLayers/T_ML_Rubber_Blue_01_D.uasset" 58
"../../../../../UEWorkspace_book/xyz/MyProject/Content/MCO_Mocap_Basics/Character/Materials/MaterialLayers/ML_GlossyBlack_Latex_UE4.uasset" 59
"../../../Engine/Content/Functions/MaterialLayerFunctions/MatLayerBlend_AO.uasset" 60
"../../../../../UEWorkspace_book/xyz/MyProject/Content/MCO_Mocap_Basics/Character/Materials/M_UE4Man_Body.uasset" 61
"../../../../../UEWorkspace_book/xyz/MyProject/Content/MCO_Mocap_Basics/Character/Materials/M_UE4Man_ChestLogo.uasset" 62
"../../../Engine/Content/EngineMeshes/Humanoid.uasset" 63
"../../../../../UEWorkspace_book/xyz/MyProject/Content/Core/Characters/Player/Mesh/SKEL_Mannequin.uasset" 64
"../../../../../UEWorkspace_book/xyz/MyProject/Content/Core/Characters/Player/Mesh/SK_Mannequin.uasset" 65
"../../../../../UEWorkspace_book/xyz/MyProject/Content/Core/Curve/CV_LowMantling.uasset" 66
"../../../../../UEWorkspace_book/xyz/MyProject/Content/Core/Curve/CV_HighMantling.uasset" 67
"../../../Engine/Content/Animation/DefaultAnimCurveCompressionSettings.uasset" 68
"../../../Engine/Content/Animation/DefaultAnimBoneCompressionSettings.uasset" 69
"../../../../../UEWorkspace_book/xyz/MyProject/Content/Core/Characters/Player/Animations/AS_Mantle_Low_1m.uasset" 70
"../../../../../UEWorkspace_book/xyz/MyProject/Content/Core/Characters/Player/Animations/AM_Mantle_Low_1m_Montage.uasset" 71
"../../../../../UEWorkspace_book/xyz/MyProject/Content/Core/Characters/Player/Animations/AS_Mantle_High_2m.uasset" 72
"../../../../../UEWorkspace_book/xyz/MyProject/Content/Core/Characters/Player/Animations/AM_Mantle_High_2m_Montage.uasset" 73
"../../../../../UEWorkspace_book/xyz/MyProject/Content/Core/Characters/Player/Animations/AS_Treading_Water.uasset" 74
"../../../../../UEWorkspace_book/xyz/MyProject/Content/Core/Characters/Player/Animations/AS_Swimming.uasset" 75
"../../../../../UEWorkspace_book/xyz/MyProject/Content/Core/Characters/Player/Animations/Blendspaces/BS_Swimming.uasset" 76
"../../../../../UEWorkspace_book/xyz/MyProject/Content/Core/Characters/Player/Animations/AS_Low_Crawl.uasset" 77
"../../../../../UEWorkspace_book/xyz/MyProject/Content/Core/Characters/Player/Animations/AS_Prone_Idle.uasset" 78
"../../../../../UEWorkspace_book/xyz/MyProject/Content/Core/Characters/Player/Animations/Blendspaces/BS_ProneIdleCrawl.uasset" 79
"../../../../../UEWorkspace_book/xyz/MyProject/Content/Core/Characters/Player/Animations/AS_ThirPersonCrouchIdle.uasset" 80
"../../../../../UEWorkspace_book/xyz/MyProject/Content/Core/Characters/Player/Animations/AS_ThirdPersonCrouchWalk.uasset" 81
"../../../../../UEWorkspace_book/xyz/MyProject/Content/Core/Characters/Player/Animations/Blendspaces/BS_ChouchIdleWalk.uasset" 82
"../../../../../UEWorkspace_book/xyz/MyProject/Content/Core/Characters/Player/Animations/ThirdPersonIdle.uasset" 83
"../../../../../UEWorkspace_book/xyz/MyProject/Content/Core/Characters/Player/Animations/AS_Walk_Right.uasset" 84
"../../../../../UEWorkspace_book/xyz/MyProject/Content/Core/Characters/Player/Animations/AS_Walk_Left.uasset" 85
"../../../../../UEWorkspace_book/xyz/MyProject/Content/Core/Characters/Player/Animations/AS_Walk_Forward.uasset" 86
"../../../../../UEWorkspace_book/xyz/MyProject/Content/Core/Characters/Player/Animations/AS_Walk_Backwards.uasset" 87
"../../../../../UEWorkspace_book/xyz/MyProject/Content/Core/Characters/Player/Animations/AS_Run_Right.uasset" 88
"../../../../../UEWorkspace_book/xyz/MyProject/Content/Core/Characters/Player/Animations/AS_Run_Backwards.uasset" 89
"../../../../../UEWorkspace_book/xyz/MyProject/Content/Core/Characters/Player/Animations/AS_Run_Forward.uasset" 90
"../../../../../UEWorkspace_book/xyz/MyProject/Content/Core/Characters/Player/Animations/AS_Run_Left.uasset" 91
"../../../../../UEWorkspace_book/xyz/MyProject/Content/Core/Characters/Player/Animations/Blendspaces/BS_Idle_Walk_Run_Strafe.uasset" 92
"../../../../../UEWorkspace_book/xyz/MyProject/Content/Core/Characters/Player/Animations/ThirdPerson_Sprint.uasset" 93
"../../../../../UEWorkspace_book/xyz/MyProject/Content/Core/Characters/Player/Animations/ThirdPerson_Jump_End.uasset" 94
"../../../../../UEWorkspace_book/xyz/MyProject/Content/Core/Characters/Player/Animations/ThirdPersonJump_Start.uasset" 95
"../../../../../UEWorkspace_book/xyz/MyProject/Content/Core/Characters/Player/Animations/ThirdPersonJump_Loop.uasset" 96
"../../../../../UEWorkspace_book/xyz/MyProject/Content/Core/Characters/Player/Animations/ThirdPersonWalk.uasset" 97
"../../../../../UEWorkspace_book/xyz/MyProject/Content/Core/Characters/Player/Animations/ThirdPersonRun.uasset" 98
"../../../../../UEWorkspace_book/xyz/MyProject/Content/Core/Characters/Player/Animations/BS_Mannequin_Idle_Run.uasset" 99
"../../../../../UEWorkspace_book/xyz/MyProject/Content/Core/Characters/Player/Animations/AS_Zipline.uasset" 100
"../../../../../UEWorkspace_book/xyz/MyProject/Content/Core/Characters/Player/Animations/AS_ThirdPerson_WallRun_Right.uasset" 101
"../../../../../UEWorkspace_book/xyz/MyProject/Content/Core/Characters/Player/Animations/AS_ThirdPerson_WallRun_Left.uasset" 102
"../../../../../UEWorkspace_book/xyz/MyProject/Content/Core/Characters/Player/Animations/AS_Ladder_Climb_Loop.uasset" 103
"../../../../../UEWorkspace_book/xyz/MyProject/Content/Core/Characters/Player/Animations/AS_Ladder_Idle.uasset" 104
"../../../../../UEWorkspace_book/xyz/MyProject/Content/Core/Characters/Player/Animations/AS_RunningSlide_End.uasset" 105
"../../../../../UEWorkspace_book/xyz/MyProject/Content/Core/Characters/Player/Animations/AS_RunningSlide_Start.uasset" 106
"../../../../../UEWorkspace_book/xyz/MyProject/Content/Core/Characters/Player/Animations/AS_RunningSlide_Loop.uasset" 107
"../../../../../UEWorkspace_book/xyz/MyProject/Content/Core/Characters/Player/Animations/AnimationBlueprint/APB_Player.uasset" 108
"../../../../../UEWorkspace_book/xyz/MyProject/Content/Core/Characters/Player/Animations/AS_Standing_Death_Forward.uasset" 109
"../../../../../UEWorkspace_book/xyz/MyProject/Content/Core/Characters/Player/Animations/AM_Standing_Death_Forward_Montage.uasset" 110
"../../../../../UEWorkspace_book/xyz/MyProject/Content/Core/Characters/Player/Blueprint/BP_Player.uasset" 111
"../../../../../UEWorkspace_book/xyz/MyProject/Content/Core/Characters/Player/Blueprint/Widget/BP_stamina.uasset" 112
"../../../../../UEWorkspace_book/xyz/MyProject/Content/Core/Characters/Player/Blueprint/Widget/BP_Oxygen.uasset" 113
"../../../../../UEWorkspace_book/xyz/MyProject/Content/Core/Characters/Player/Blueprint/Widget/BP_Health.uasset" 114
"../../../../../UEWorkspace_book/xyz/MyProject/Content/Core/GameModes/GM_PlayerGameModeSecondVersion.uasset" 115
"../../../../../UEWorkspace_book/xyz/MyProject/Content/Core/Characters/FP_Player/FirstPerson/Character/Mesh/SKEL_Arms_Camera.uasset" 116
"../../../../../UEWorkspace_book/xyz/MyProject/Content/Core/Characters/FP_Player/FirstPerson/Character/Animations/AS_Arms_Camera_Crouch_Idle.uasset" 117
"../../../../../UEWorkspace_book/xyz/MyProject/Content/Core/Characters/FP_Player/FirstPerson/Character/Animations/AS_Arms_Camera_Idle.uasset" 118
"../../../../../UEWorkspace_book/xyz/MyProject/Content/Core/Characters/FP_Player/FirstPerson/Character/ABP_FPPlayer_Camera.uasset" 119
"../../../../../UEWorkspace_book/xyz/MyProject/Content/Core/Characters/FP_Player/FirstPerson/Character/Mesh/PHYS_Arms_Camera.uasset" 120
"../../../../../UEWorkspace_book/xyz/MyProject/Content/Core/Characters/FP_Player/FirstPerson/Character/Mesh/SK_Arms_Camera.uasset" 121
"../../../../../UEWorkspace_book/xyz/MyProject/Content/Core/Characters/FP_Player/FirstPerson/Character/BP_FirstPersonPlayer.uasset" 122
"../../../../../UEWorkspace_book/xyz/MyProject/Content/Core/GameModes/GM_FP_GameMode.uasset" 123
"../../../../../UEWorkspace_book/xyz/MyProject/Content/raw/Characters/SpiderBot/SK_SpiderBot_PhysicsAsset.uasset" 124
"../../../../../UEWorkspace_book/xyz/MyProject/Content/raw/Characters/SpiderBot/T_SpiderBot_ORM.uasset" 125
"../../../../../UEWorkspace_book/xyz/MyProject/Content/raw/Characters/SpiderBot/T_SpiderBot_N.uasset" 126
"../../../../../UEWorkspace_book/xyz/MyProject/Content/raw/Characters/SpiderBot/T_SpiderBot_E.uasset" 127
"../../../../../UEWorkspace_book/xyz/MyProject/Content/raw/Characters/SpiderBot/T_SpiderBot_D.uasset" 128
"../../../../../UEWorkspace_book/xyz/MyProject/Content/raw/Characters/SpiderBot/M_SpiderBot.uasset" 129
"../../../../../UEWorkspace_book/xyz/MyProject/Content/raw/Characters/SpiderBot/SKEL_SpiderBot_Skeleton.uasset" 130
"../../../../../UEWorkspace_book/xyz/MyProject/Content/raw/Characters/SpiderBot/SK_SpiderBot.uasset" 131
"../../../../../UEWorkspace_book/xyz/MyProject/Content/raw/Characters/SpiderBot/A_SpiderBot_WalkBack.uasset" 132
"../../../../../UEWorkspace_book/xyz/MyProject/Content/raw/Characters/SpiderBot/A_SpiderBot_Walk.uasset" 133
"../../../../../UEWorkspace_book/xyz/MyProject/Content/raw/Characters/SpiderBot/A_SpiderBot_StrafeRight.uasset" 134
"../../../../../UEWorkspace_book/xyz/MyProject/Content/raw/Characters/SpiderBot/A_SpiderBot_StrafeLeft.uasset" 135
"../../../../../UEWorkspace_book/xyz/MyProject/Content/raw/Characters/SpiderBot/A_SpiderBot_Idle.uasset" 136
"../../../../../UEWorkspace_book/xyz/MyProject/Content/raw/Characters/SpiderBot/SKEL_SpiderBot_Skeleton_BlendSpace_IdleWalk.uasset" 137
"../../../../../UEWorkspace_book/xyz/MyProject/Content/raw/Characters/SpiderBot/A_SpiderBot_JumpStart.uasset" 138
"../../../../../UEWorkspace_book/xyz/MyProject/Content/raw/Characters/SpiderBot/A_SpiderBot_JumpLoop.uasset" 139
"../../../../../UEWorkspace_book/xyz/MyProject/Content/raw/Characters/SpiderBot/A_SpiderBot_JumpEnd.uasset" 140
"../../../../../UEWorkspace_book/xyz/MyProject/Content/raw/Characters/SpiderBot/ABP_SpiderBotNative.uasset" 141
"../../../../../UEWorkspace_book/xyz/MyProject/Content/raw/Characters/SpiderBot/BP_SpiderBot.uasset" 142
"../../../../../UEWorkspace_book/xyz/MyProject/Content/Core/GameModes/GM_PawnGameMode.uasset" 143
"../../../../../UEWorkspace_book/xyz/MyProject/Content/Core/GameModes/GM_PlayerGameMode.uasset" 144
"../../../../../UEWorkspace_book/xyz/MyProject/Content/MCO_Mocap_Basics/Character/Mesh/UE4_Mannequin_Skeleton.uasset" 145
"../../../../../UEWorkspace_book/xyz/MyProject/Content/MCO_Mocap_Basics/Animation/Mobility_Pro/Root_Motion/MOB1_CrouchWalk_F.uasset" 146
"../../../../../UEWorkspace_book/xyz/MyProject/Content/MCO_Mocap_Basics/Animation/Mobility_Pro/Root_Motion/MOB1_Crouch_Idle_V2.uasset" 147
"../../../../../UEWorkspace_book/xyz/MyProject/Content/MCO_Mocap_Basics/Animation/Mobility_Pro/Root_Motion/MOB1_Jog_F.uasset" 148
"../../../../../UEWorkspace_book/xyz/MyProject/Content/MCO_Mocap_Basics/Animation/Mobility_Pro/Root_Motion/MOB1_Jog_F_to_Stand_Relaxed_RU.uasset" 149
"../../../../../UEWorkspace_book/xyz/MyProject/Content/MCO_Mocap_Basics/Animation/Mobility_Pro/Root_Motion/MOB1_Run_F.uasset" 150
"../../../../../UEWorkspace_book/xyz/MyProject/Content/MCO_Mocap_Basics/Animation/Mobility_Pro/Root_Motion/MOB1_Run_F_to_Stand_Relaxed_RU.uasset" 151
"../../../../../UEWorkspace_book/xyz/MyProject/Content/MCO_Mocap_Basics/Animation/Mobility_Pro/Root_Motion/MOB1_Stand_Relaxed_Death_B.uasset" 152
"../../../../../UEWorkspace_book/xyz/MyProject/Content/MCO_Mocap_Basics/Animation/Mobility_Pro/Root_Motion/MOB1_Stand_Relaxed_Fgt_v1.uasset" 153
"../../../../../UEWorkspace_book/xyz/MyProject/Content/MCO_Mocap_Basics/Animation/Mobility_Pro/Root_Motion/MOB1_Stand_Relaxed_Fgt_v4.uasset" 154
"../../../../../UEWorkspace_book/xyz/MyProject/Content/MCO_Mocap_Basics/Animation/Mobility_Pro/Root_Motion/MOB1_Stand_Relaxed_Idle_v2.uasset" 155
"../../../../../UEWorkspace_book/xyz/MyProject/Content/MCO_Mocap_Basics/Animation/Mobility_Pro/Root_Motion/MOB1_Walk_F.uasset" 156
"../../../../../UEWorkspace_book/xyz/MyProject/Content/MCO_Mocap_Basics/Animation/Scared/Root_Motion/SCR_Walk_Scared_Fwd_Look_Left_Loop.uasset" 157
"../../../../../UEWorkspace_book/xyz/MyProject/Content/MCO_Mocap_Basics/Animation/Scared/Root_Motion/SCR_Walk_Scared_Fwd_Look_Right_Loop.uasset" 158
"../../../../../UEWorkspace_book/xyz/MyProject/Content/MCO_Mocap_Basics/Animation/Walks/Root_Motion/Walk_02_Cheerful_Loop.uasset" 159
"../../../../../UEWorkspace_book/xyz/MyProject/Content/MCO_Mocap_Basics/Animation/Walks/Root_Motion/Walk_04_Texting_Loop.uasset" 160
"../../../../../UEWorkspace_book/xyz/MyProject/Content/MCO_Mocap_Basics/Animation/Walks/Root_Motion/Walk_06_Look_Around_Loop.uasset" 161
"../../../../../UEWorkspace_book/xyz/MyProject/Content/MCO_Mocap_Basics/Animation/Walks/Root_Motion/Walk_08_Listen_Music_Loop.uasset" 162
"../../../../../UEWorkspace_book/xyz/MyProject/Content/MCO_Mocap_Basics/Animation/Walks/Root_Motion/Walk_13_Power_Walk_Loop.uasset" 163
"../../../../../UEWorkspace_book/xyz/MyProject/Content/MCO_Mocap_Basics/Character/Mesh/SK_Mannequin_Anim.uasset" 164
"../../../Engine/Content/EditorBlueprintResources/StandardMacros.uasset" 165
"../../../../../UEWorkspace_book/xyz/MyProject/Content/raw/Characters/SpiderBot/ABP_SpiderBot.uasset" 166
"../../../../../UEWorkspace_book/xyz/MyProject/Content/raw/Characters/SpiderBot/A_SpiderBot_Jump.uasset" 167
"../../../../../UEWorkspace_book/xyz/MyProject/Content/raw/Characters/SpiderBot/BS_SpiderBot_Skeleton_BlendSpace_IdleWalk1.uasset" 168
"../../../../../UEWorkspace_book/xyz/MyProject/Content/ThirdPersonTemplate/Mannequin/Animations/ThirdPerson_IdleRun_2D.uasset" 169
"../../../../../UEWorkspace_book/xyz/MyProject/Content/ThirdPersonTemplate/Mannequin/Animations/ThirdPerson_AnimBP.uasset" 170
"../../../../../UEWorkspace_book/xyz/MyProject/Content/ThirdPersonTemplate/ThirdPersonBP/Blueprints/ThirdPersonCharacter.uasset" 171
"../../../../../UEWorkspace_book/xyz/MyProject/Content/ThirdPersonTemplate/ThirdPersonBP/Blueprints/ThirdPersonGameMode.uasset" 172
"../../../../../UEWorkspace_book/xyz/MyProject/Content/WaterMaterials/Maps/Camera_Sequence.uasset" 173
"../../../Engine/Content/EngineMaterials/WorldGridMaterial.uasset" 174
"../../../Engine/Content/ArtTools/RenderToTexture/Meshes/S_1_Unit_Plane.uasset" 175
"../../../Engine/Content/BasicShapes/Cone.uasset" 176
"../../../Engine/Content/EditorLandscapeResources/DataLayer.uasset" 177
"../../../Engine/Content/EditorLandscapeResources/DefaultAlphaTexture.uasset" 178
"../../../Engine/Content/EditorMaterials/MAT_Groups_Toggle.uasset" 179
"../../../Engine/Content/EditorMaterials/MAT_Groups_Visibility.uasset" 180
"../../../Engine/Content/EditorMaterials/PreviewShadowIndicator.uasset" 181
"../../../Engine/Content/EditorMaterials/PreviewShadowIndicatorMaterial.uasset" 182
"../../../Engine/Content/EditorMaterials/MatineeGroups/MAT_ColorTrack.uasset" 183
"../../../Engine/Content/EditorMaterials/MatineeGroups/MAT_Groups_Anim.uasset" 184
"../../../Engine/Content/EditorMaterials/MatineeGroups/MAT_Groups_AudioMaster.uasset" 185
"../../../Engine/Content/EditorMaterials/MatineeGroups/MAT_Groups_Director.uasset" 186
"../../../Engine/Content/EditorMaterials/MatineeGroups/MAT_Groups_Event.uasset" 187
"../../../Engine/Content/EditorMaterials/MatineeGroups/MAT_Groups_Fade.uasset" 188
"../../../Engine/Content/EditorMaterials/MatineeGroups/MAT_Groups_Float.uasset" 189
"../../../Engine/Content/EditorMaterials/MatineeGroups/MAT_Groups_Move.uasset" 190
"../../../Engine/Content/EditorMaterials/MatineeGroups/MAT_Groups_Slomo.uasset" 191
"../../../Engine/Content/EditorMaterials/MatineeGroups/MAT_Groups_Sound.uasset" 192
"../../../Engine/Content/EditorMaterials/MatineeGroups/MAT_Groups_Vector.uasset" 193
"../../../Engine/Content/EditorMaterials/ParticleSystems/PSysThumbnail_NoImage.uasset" 194
"../../../Engine/Content/EditorMaterials/ParticleSystems/PSysThumbnail_OOD.uasset" 195
"../../../Engine/Content/EditorMaterials/Camera/CineMat.uasset" 196
"../../../Engine/Content/EditorMaterials/Camera/MI_CineMat_Rig.uasset" 197
"../../../Engine/Content/EditorMeshes/Camera/SM_CraneRig_Arm.uasset" 198
"../../../Engine/Content/EditorMeshes/Camera/SM_CraneRig_Base.uasset" 199
"../../../Engine/Content/EditorMeshes/Camera/SM_CraneRig_Body.uasset" 200
"../../../Engine/Content/EditorMeshes/Camera/SM_CraneRig_Mount.uasset" 201
"../../../Engine/Content/EditorMeshes/Camera/SM_RailRig_Mount.uasset" 202
"../../../Engine/Content/EditorMeshes/Camera/SM_RailRig_Track.uasset" 203
"../../../Engine/Content/EditorResources/BSPVertex.uasset" 204
"../../../Engine/Content/EditorResources/EmptyActor.uasset" 205
"../../../Engine/Content/EditorResources/S_Actor.uasset" 206
"../../../Engine/Content/EditorResources/S_Note.uasset" 207
"../../../Engine/Content/EditorResources/S_Solver.uasset" 208
"../../../Engine/Content/EditorResources/S_Terrain.uasset" 209
"../../../Engine/Content/EditorResources/S_Trigger.uasset" 210
"../../../Engine/Content/EditorResources/LightIcons/S_LightError.uasset" 211
"../../../Engine/Content/EditorResources/SequenceRecorder/Countdown.uasset" 212
"../../../Engine/Content/EditorResources/SequenceRecorder/RecordingIndicator.uasset" 213
"../../../Engine/Content/EngineDamageTypes/DmgTypeBP_Environmental.uasset" 214
"../../../Engine/Content/EngineDebugMaterials/DebugEditorMaterial.uasset" 215
"../../../Engine/Content/EngineDebugMaterials/DebugMeshMaterial.uasset" 216
"../../../Engine/Content/EngineDebugMaterials/M_SimpleUnlitTranslucent.uasset" 217
"../../../Engine/Content/EngineDebugMaterials/VolumeToRender.uasset" 218
"../../../Engine/Content/Functions/Engine_MaterialFunctions02/Utility/CameraDirectionVector.uasset" 219
"../../../Engine/Content/EngineDebugMaterials/M_VolumeRenderSphereTracePP.uasset" 220
"../../../Engine/Content/Functions/Engine_MaterialFunctions01/Shading/ConvertFromDiffSpec.uasset" 221
"../../../Engine/Content/EngineDebugMaterials/VertexColorMaterial.uasset" 222
"../../../Engine/Content/EngineDebugMaterials/WireframeMaterial.uasset" 223
"../../../Engine/Content/EngineFonts/Faces/RobotoRegular.uasset" 224
"../../../Engine/Content/EngineFonts/Faces/RobotoLight.uasset" 225
"../../../Engine/Content/EngineFonts/Faces/RobotoItalic.uasset" 226
"../../../Engine/Content/EngineFonts/Faces/RobotoBoldItalic.uasset" 227
"../../../Engine/Content/EngineFonts/Faces/RobotoBold.uasset" 228
"../../../Engine/Content/EngineFonts/Faces/DroidSansFallback.uasset" 229
"../../../Engine/Content/EngineFonts/Roboto.uasset" 230
"../../../Engine/Content/EngineMaterials/BaseFlattenNormalMap.uasset" 231
"../../../Engine/Content/EngineMaterials/BaseFlattenGrayscaleMap.uasset" 232
"../../../Engine/Content/EngineMaterials/BaseFlattenEmissiveMap.uasset" 233
"../../../Engine/Content/EngineMaterials/BaseFlattenDiffuseMap.uasset" 234
"../../../Engine/Content/EngineMaterials/BaseFlattenMaterial.uasset" 235
"../../../Engine/Content/EngineMaterials/BlueNoise.uasset" 236
"../../../Engine/Content/EngineMaterials/DefaultBloomKernel.uasset" 237
"../../../Engine/Content/EngineMaterials/DefaultBokeh.uasset" 238
"../../../Engine/Content/EngineMaterials/DefaultDiffuse.uasset" 239
"../../../Engine/Content/EngineMaterials/DefaultDeferredDecalMaterial.uasset" 240
"../../../Engine/Content/EngineMaterials/DefaultLightFunctionMaterial.uasset" 241
"../../../Engine/Content/Functions/Engine_MaterialFunctions02/Utility/BreakOutFloat2Components.uasset" 242
"../../../Engine/Content/EngineMaterials/DefaultPostProcessMaterial.uasset" 243
"../../../Engine/Content/EngineFonts/RobotoDistanceField.uasset" 244
"../../../Engine/Content/EngineMaterials/DefaultTextMaterialOpaque.uasset" 245
"../../../Engine/Content/EngineMaterials/DefaultWhiteGrid.uasset" 246
"../../../Engine/Content/EngineMaterials/DefaultWhiteGrid_Low.uasset" 247
"../../../Engine/Content/EngineMaterials/EmissiveMeshMaterial.uasset" 248
"../../../Engine/Content/EngineMaterials/GizmoMaterial.uasset" 249
"../../../Engine/Content/EngineMaterials/Good64x64TilingNoiseHighFreq.uasset" 250
"../../../Engine/Content/EngineMaterials/MiniFont.uasset" 251
"../../../Engine/Content/EngineMaterials/InvalidLightmapSettings.uasset" 252
"../../../Engine/Content/EngineMaterials/M_InvalidLightmapSettings.uasset" 253
"../../../Engine/Content/Functions/Engine_MaterialFunctions02/WorldPositionOffset/CameraOffset.uasset" 254
"../../../Engine/Content/EngineMaterials/PhAT_JointLimitMaterial.uasset" 255
"../../../Engine/Content/EngineMaterials/PreintegratedSkinBRDF.uasset" 256
"../../../Engine/Content/EngineMaterials/RemoveSurfaceMaterial.uasset" 257
"../../../Engine/Content/EngineMaterials/WeightMapPlaceholderTexture.uasset" 258
"../../../Engine/Content/EngineResources/WhiteSquareTexture.uasset" 259
"../../../Engine/Content/EngineMaterials/Widget3DPassThrough.uasset" 260
"../../../Engine/Content/EngineMaterials/Widget3DPassThrough_Masked.uasset" 261
"../../../Engine/Content/EngineMaterials/Widget3DPassThrough_Opaque.uasset" 262
"../../../Engine/Content/EngineMaterials/Widget3DPassThrough_Masked_OneSided.uasset" 263
"../../../Engine/Content/EngineMaterials/Widget3DPassThrough_Opaque_OneSided.uasset" 264
"../../../Engine/Content/EngineMaterials/Widget3DPassThrough_Translucent.uasset" 265
"../../../Engine/Content/EngineMaterials/Widget3DPassThrough_Translucent_OneSided.uasset" 266
"../../../Engine/Content/EngineMeshes/Cylinder.uasset" 267
"../../../Engine/Content/EngineMeshes/Sphere.uasset" 268
"../../../Engine/Content/EngineResources/Black.uasset" 269
"../../../Engine/Content/EngineResources/DefaultTextureCube.uasset" 270
"../../../Engine/Content/EngineResources/DefaultVolumeTexture2D.uasset" 271
"../../../Engine/Content/EngineResources/DefaultVolumeTexture.uasset" 272
"../../../Engine/Content/EngineResources/GradientTexture0.uasset" 273
"../../../Engine/Content/EngineSky/VolumetricClouds/T_NoiseShape64.uasset" 274
"../../../Engine/Content/EngineSky/VolumetricClouds/T_VolumeNoiseShape64.uasset" 275
"../../../Engine/Content/EngineSky/VolumetricClouds/T_NoiseErosion.uasset" 276
"../../../Engine/Content/EngineSky/VolumetricClouds/T_VolumeNoiseErosion32.uasset" 277
"../../../Engine/Content/EngineSky/VolumetricClouds/CloudWeatherTexture.uasset" 278
"../../../Engine/Content/EngineSky/VolumetricClouds/CloudGradientTexture.uasset" 279
"../../../Engine/Content/Functions/Engine_MaterialFunctions02/Utility/MakeFloat2.uasset" 280
"../../../Engine/Content/EngineSky/VolumetricClouds/m_SimpleVolumetricCloud.uasset" 281
"../../../Engine/Content/EngineSky/VolumetricClouds/m_SimpleVolumetricCloud_Inst.uasset" 282
"../../../Engine/Content/EngineSounds/Master.uasset" 283
"../../../Engine/Content/Functions/Engine_MaterialFunctions01/Shading/PowerToRoughness.uasset" 284
"../../../Engine/Content/Maps/Templates/Thumbnails/Default.uasset" 285
"../../../Engine/Content/Maps/Templates/Thumbnails/TimeOfDay.uasset" 286
"../../../Engine/Content/Maps/Templates/Thumbnails/VR-Basic.uasset" 287
"../../../Engine/Content/MobileResources/T_MobileControls_texture.uasset" 288
"../../../Engine/Content/MobileResources/T_MobileMenu2.uasset" 289
"../../../Engine/Content/MobileResources/HUD/AnalogHat.uasset" 290
"../../../Engine/Content/MobileResources/HUD/VirtualJoystick_Thumb.uasset" 291
"../../../Engine/Content/MobileResources/HUD/VirtualJoystick_Background.uasset" 292
"../../../Engine/Content/MobileResources/HUD/DefaultVirtualJoysticks.uasset" 293
"../../../Engine/Content/MobileResources/HUD/LeftVirtualJoystickOnly.uasset" 294
"../../../Engine/Content/MobileResources/HUD/MobileHUDButton1_off.uasset" 295
"../../../Engine/Content/MobileResources/HUD/MobileHUDButton1_on.uasset" 296
"../../../Engine/Content/MobileResources/HUD/MobileHUDButton2_off.uasset" 297
"../../../Engine/Content/MobileResources/HUD/MobileHUDButton2_on.uasset" 298
"../../../Engine/Content/MobileResources/HUD/MobileHUDButton3.uasset" 299
"../../../Engine/Content/MobileResources/HUD/MobileHUDButtonFire.uasset" 300
"../../../Engine/Content/MobileResources/HUD/MobileHUDDirectionPad.uasset" 301
"../../../Engine/Content/MobileResources/HUD/MobileHUDDirectionPad2.uasset" 302
"../../../Engine/Content/MobileResources/HUD/MobileHUDDirectionPad3.uasset" 303
"../../../Engine/Content/MobileResources/HUD/MobileHUDDirectionStick.uasset" 304
"../../../Engine/Content/MobileResources/HUD/T_Castle_ThumbstickInner.uasset" 305
"../../../Engine/Content/MobileResources/HUD/T_Castle_ThumbstickOutter.uasset" 306
"../../../Engine/Content/Tutorial/ContentIntroCurve.uasset" 307
"../../../Engine/Content/Tutorial/Basics/LevelEditorAttract.uasset" 308
"../../../Engine/Content/Tutorial/BlueprintTutorials/TutorialAssets/Blueprint_64x.uasset" 309
"../../../Engine/Content/Tutorial/BlueprintTutorials/BlueprintEditorTutorial.uasset" 310
"../../../Engine/Content/Tutorial/Installation/InstallingVisualStudioTutorial.uasset" 311
"../../../Engine/Content/VREditor/TransformGizmo/TranslucentTransformGizmoMaterial.uasset" 312
"../../../Engine/Content/VREditor/LaserPointer/VR_LaserPower_01.uasset" 313
"../../../Engine/Content/VREditor/TransformGizmo/TransformGizmoMaterial.uasset" 314
"../../../Engine/Content/VREditor/TransformGizmo/BoundingBoxCorner.uasset" 315
"../../../Engine/Content/VREditor/TransformGizmo/BoundingBoxEdge.uasset" 316
"../../../Engine/Content/VREditor/TransformGizmo/PlaneTranslationHandle.uasset" 317
"../../../Engine/Content/VREditor/TransformGizmo/Xray.uasset" 318
"../../../Engine/Content/VREditor/TransformGizmo/Main.uasset" 319
"../../../Engine/Content/VREditor/TransformGizmo/SM_Sequencer_Key.uasset" 320
"../../../Engine/Content/VREditor/TransformGizmo/SM_Sequencer_Node.uasset" 321
"../../Plugins/2D/Paper2D/Content/PlaceholderTextures/DummySpriteTexture.uasset" 322
"../../Plugins/2D/Paper2D/Content/DummySprite.uasset" 323
"../../Plugins/2D/Paper2D/Content/DefaultPaperTerrainMaterial.uasset" 324
"../../Plugins/2D/Paper2D/Content/DefaultSpriteMaterial.uasset" 325
"../../Plugins/2D/Paper2D/Content/MaskedUnlitSpriteMaterial.uasset" 326
"../../Plugins/2D/Paper2D/Content/OpaqueUnlitSpriteMaterial.uasset" 327
"../../../Engine/Content/Functions/Engine_MaterialFunctions02/ObjectLocalBounds.uasset" 328
"../../../Engine/Content/Functions/Engine_MaterialFunctions02/Utility/BreakOutFloat3Components.uasset" 329
"../../Plugins/Editor/SpeedTreeImporter/Content/SpeedTree9/UnpackInteger3.uasset" 330
"../../Plugins/Editor/SpeedTreeImporter/Content/SpeedTree9/UnpackDirection.uasset" 331
"../../Plugins/Editor/SpeedTreeImporter/Content/SpeedTree9/game_wind_noise.uasset" 332
"../../../Engine/Content/Functions/Engine_MaterialFunctions02/SafeNormalize.uasset" 333
"../../Plugins/Editor/SpeedTreeImporter/Content/SpeedTree9/SpeedTreeWindMotion.uasset" 334
"../../Plugins/Editor/SpeedTreeImporter/Content/SpeedTree9/SpeedTreeBranchMotion.uasset" 335
"../../../Engine/Content/Functions/Engine_MaterialFunctions02/UVs/BoundingBoxBased_0-1_UVW.uasset" 336
"../../Plugins/Editor/SpeedTreeImporter/Content/SpeedTree9/SpeedTreeWind.uasset" 337
"../../Plugins/Editor/SpeedTreeImporter/Content/SpeedTree9/SpeedTreeBillboard.uasset" 338
"../../../Engine/Content/EngineResources/DefaultTexture.uasset" 339
"../../Plugins/Editor/SpeedTreeImporter/Content/SpeedTree9/SpeedTreeBillboardMaster.uasset" 340
"../../Plugins/Editor/SpeedTreeImporter/Content/SpeedTree9/SpeedTreeCameraFacing.uasset" 341
"../../Plugins/Editor/SpeedTreeImporter/Content/SpeedTree9/SpeedTreeMaster.uasset" 342
"../../../Engine/Content/ArtTools/RenderToTexture/Materials/Debug/M_Emissive_Color.uasset" 343
"../../../Engine/Content/BasicShapes/Cylinder.uasset" 344
"../../Plugins/Lumin/MagicLeapPassableWorld/Content/MagicLeapARPinInfoActor.uasset" 345
"../../../Engine/Content/Functions/Engine_MaterialFunctions02/Utility/MakeFloat3.uasset" 346
"../../../Engine/Content/Functions/Engine_MaterialFunctions02/Utility/BreakOutFloat4Components.uasset" 347
"../../Plugins/Runtime/Oculus/OculusVR/Content/Materials/OculusMR_ChromaKey.uasset" 348
"../../Plugins/Runtime/Oculus/OculusVR/Content/Materials/OculusMR_OpaqueColoredMaterial.uasset" 349
"../../Plugins/Runtime/Oculus/OculusVR/Content/Materials/PokeAHoleMaterial.uasset" 350
"../../../../../UEWorkspace_book/xyz/MyProject/Content/MCO_Mocap_Basics/Character/Mesh/SK_Mannequin.uasset" 351
"../../../Engine/Content/EngineSky/T_Sky_Stars.uasset" 352
"../../../Engine/Content/EngineSky/T_Sky_Clouds_M.uasset" 353
"../../../Engine/Content/EngineSky/T_Sky_Blue.uasset" 354
"../../../Engine/Content/TemplateResources/M_Template_Master.uasset" 355
"../../../Engine/Content/TemplateResources/MI_Template_BaseGray_03_Metal.uasset" 356
"../../../Engine/Content/EngineSky/M_Sky_Panning_Clouds2.uasset" 357
"../../../Engine/Content/EngineSky/SM_SkySphere.uasset" 358
"../../../Engine/Content/EngineSky/C_Sky_Zenith_Color.uasset" 359
"../../../Engine/Content/EngineSky/C_Sky_Horizon_Color.uasset" 360
"../../../Engine/Content/EngineSky/C_Sky_Cloud_Color.uasset" 361
"../../../Engine/Content/EngineSky/BP_Sky_Sphere.uasset" 362
"../../../../../UEWorkspace_book/xyz/MyProject/Content/MCO_Mocap_Basics/Animation/Walks/In_Place/Walk_13_Power_Walk_Loop_IP.uasset" 363
"../../../../../UEWorkspace_book/xyz/MyProject/Content/MCO_Mocap_Basics/Animation/Walks/In_Place/Walk_08_Listen_Music_Loop_IP.uasset" 364
"../../../../../UEWorkspace_book/xyz/MyProject/Content/MCO_Mocap_Basics/Animation/Walks/In_Place/Walk_06_Look_Around_Loop_IP.uasset" 365
"../../../../../UEWorkspace_book/xyz/MyProject/Content/MCO_Mocap_Basics/Animation/Walks/In_Place/Walk_04_Texting_Loop_IP.uasset" 366
"../../../../../UEWorkspace_book/xyz/MyProject/Content/MCO_Mocap_Basics/Animation/Walks/In_Place/Walk_02_Cheerful_Loop_IP.uasset" 367
"../../../../../UEWorkspace_book/xyz/MyProject/Content/MCO_Mocap_Basics/Animation/Scared/In_Place/SCR_Walk_Scared_Fwd_Look_Right_Loop_IP.uasset" 368
"../../../../../UEWorkspace_book/xyz/MyProject/Content/MCO_Mocap_Basics/Animation/Scared/In_Place/SCR_Walk_Scared_Fwd_Look_Left_Loop_IP.uasset" 369
"../../../../../UEWorkspace_book/xyz/MyProject/Content/MCO_Mocap_Basics/Animation/Mobility_Pro/In_Place/MOB1_Walk_F_IPC.uasset" 370
"../../../../../UEWorkspace_book/xyz/MyProject/Content/MCO_Mocap_Basics/Animation/Mobility_Pro/In_Place/MOB1_Stand_Relaxed_Idle_v2_IPC.uasset" 371
"../../../../../UEWorkspace_book/xyz/MyProject/Content/MCO_Mocap_Basics/Animation/Mobility_Pro/In_Place/MOB1_Stand_Relaxed_Fgt_v4_IPC.uasset" 372
"../../../../../UEWorkspace_book/xyz/MyProject/Content/MCO_Mocap_Basics/Animation/Mobility_Pro/In_Place/MOB1_Stand_Relaxed_Fgt_v1_IPC.uasset" 373
"../../../../../UEWorkspace_book/xyz/MyProject/Content/MCO_Mocap_Basics/Animation/Mobility_Pro/In_Place/MOB1_Stand_Relaxed_Death_B_IPC.uasset" 374
"../../../../../UEWorkspace_book/xyz/MyProject/Content/MCO_Mocap_Basics/Animation/Mobility_Pro/In_Place/MOB1_Run_F_to_Stand_Relaxed_RU_IPC.uasset" 375
"../../../../../UEWorkspace_book/xyz/MyProject/Content/MCO_Mocap_Basics/Animation/Mobility_Pro/In_Place/MOB1_Run_F_IPC.uasset" 376
"../../../../../UEWorkspace_book/xyz/MyProject/Content/MCO_Mocap_Basics/Animation/Mobility_Pro/In_Place/MOB1_Jog_F_to_Stand_Relaxed_RU_IPC.uasset" 377
"../../../../../UEWorkspace_book/xyz/MyProject/Content/MCO_Mocap_Basics/Animation/Mobility_Pro/In_Place/MOB1_Jog_F_IPC.uasset" 378
"../../../../../UEWorkspace_book/xyz/MyProject/Content/MCO_Mocap_Basics/Animation/Mobility_Pro/In_Place/MOB1_CrouchWalk_F_IPC.uasset" 379
"../../../../../UEWorkspace_book/xyz/MyProject/Content/MCO_Mocap_Basics/Animation/Mobility_Pro/In_Place/MOB1_Crouch_Idle_V2_IPC.uasset" 380
"../../../../../UEWorkspace_book/xyz/MyProject/Content/MCO_Mocap_Basics/Animation/Conversations/Root_Motion/Convo_11_Listening_Loop.uasset" 381
"../../../../../UEWorkspace_book/xyz/MyProject/Content/MCO_Mocap_Basics/Animation/Conversations/Root_Motion/Convo_01_Low_Key_Loop.uasset" 382
"../../../../../UEWorkspace_book/xyz/MyProject/Content/MCO_Mocap_Basics/Overview.umap" 383
"../../../../../UEWorkspace_book/xyz/MyProject/Content/WaterMaterials/Textures/T_Sand_N.uasset" 384
"../../../../../UEWorkspace_book/xyz/MyProject/Content/WaterMaterials/Textures/T_Sand.uasset" 385
"../../../../../UEWorkspace_book/xyz/MyProject/Content/WaterMaterials/Textures/T_Caustics.uasset" 386
"../../../../../UEWorkspace_book/xyz/MyProject/Content/WaterMaterials/Materials/MF_OceanWavesWPO.uasset" 387
"../../../../../UEWorkspace_book/xyz/MyProject/Content/WaterMaterials/Materials/M_Sand.uasset" 388
"../../../../../UEWorkspace_book/xyz/MyProject/Content/WaterMaterials/Meshes/SM_Island.uasset" 389
"../../../../../UEWorkspace_book/xyz/MyProject/Content/WaterMaterials/Textures/T_Stone_N.uasset" 390
"../../../../../UEWorkspace_book/xyz/MyProject/Content/WaterMaterials/Textures/T_Stone.uasset" 391
"../../../../../UEWorkspace_book/xyz/MyProject/Content/WaterMaterials/Materials/M_River_Rock.uasset" 392
"../../../../../UEWorkspace_book/xyz/MyProject/Content/WaterMaterials/Meshes/SM_Cliff.uasset" 393
"../../../Engine/Content/EditorMeshes/PlanarReflectionPlane.uasset" 394
"../../../Engine/Content/BasicShapes/Plane.uasset" 395
"../../../../../UEWorkspace_book/xyz/MyProject/Content/WaterMaterials/Textures/T_Waterfall_Foam_Directional.uasset" 396
"../../../../../UEWorkspace_book/xyz/MyProject/Content/WaterMaterials/Textures/T_Waterfall_Foam.uasset" 397
"../../../../../UEWorkspace_book/xyz/MyProject/Content/WaterMaterials/Textures/T_Noise_Stormy.uasset" 398
"../../../../../UEWorkspace_book/xyz/MyProject/Content/WaterMaterials/Textures/T_Cubemap.uasset" 399
"../../../../../UEWorkspace_book/xyz/MyProject/Content/WaterMaterials/Materials/M_Waterfall_Cheaper.uasset" 400
"../../../../../UEWorkspace_book/xyz/MyProject/Content/WaterMaterials/Materials/MIC_Waterfall_Arc_Cheaper.uasset" 401
"../../../../../UEWorkspace_book/xyz/MyProject/Content/WaterMaterials/Textures/T_Riverbank_N.uasset" 402
"../../../../../UEWorkspace_book/xyz/MyProject/Content/WaterMaterials/Textures/T_Riverbank.uasset" 403
"../../../../../UEWorkspace_book/xyz/MyProject/Content/WaterMaterials/Materials/MF_RiverWavesWPO.uasset" 404
"../../../../../UEWorkspace_book/xyz/MyProject/Content/WaterMaterials/Materials/M_Riverbank.uasset" 405
"../../../../../UEWorkspace_book/xyz/MyProject/Content/WaterMaterials/Materials/MIC_Riverbank_Pond.uasset" 406
"../../../../../UEWorkspace_book/xyz/MyProject/Content/WaterMaterials/Textures/T_Pond_SurfacePlants_N.uasset" 407
"../../../../../UEWorkspace_book/xyz/MyProject/Content/WaterMaterials/Textures/T_Pond_Scum.uasset" 408
"../../../../../UEWorkspace_book/xyz/MyProject/Content/WaterMaterials/Textures/T_Pond_Plants.uasset" 409
"../../../../../UEWorkspace_book/xyz/MyProject/Content/WaterMaterials/Textures/T_Pond_Moss.uasset" 410
"../../../../../UEWorkspace_book/xyz/MyProject/Content/WaterMaterials/Textures/T_Pond_Foam.uasset" 411
"../../../../../UEWorkspace_book/xyz/MyProject/Content/WaterMaterials/Textures/T_Noise_Progressive.uasset" 412
"../../../../../UEWorkspace_book/xyz/MyProject/Content/WaterMaterials/Textures/T_Noise_Curves.uasset" 413
"../../../../../UEWorkspace_book/xyz/MyProject/Content/WaterMaterials/Materials/MPC_Globals.uasset" 414
"../../../../../UEWorkspace_book/xyz/MyProject/Content/WaterMaterials/Textures/T_Pond_SurfacePlants.uasset" 415
"../../../../../UEWorkspace_book/xyz/MyProject/Content/WaterMaterials/Textures/T_Noises.uasset" 416
"../../../../../UEWorkspace_book/xyz/MyProject/Content/WaterMaterials/Textures/T_Water_Normal_Subtle.uasset" 417
"../../../../../UEWorkspace_book/xyz/MyProject/Content/WaterMaterials/Textures/T_SpecularHighlights.uasset" 418
"../../../../../UEWorkspace_book/xyz/MyProject/Content/WaterMaterials/Materials/MF_FakeSpecular.uasset" 419
"../../../../../UEWorkspace_book/xyz/MyProject/Content/WaterMaterials/Materials/M_PondScum_Cheaper.uasset" 420
"../../../../../UEWorkspace_book/xyz/MyProject/Content/WaterMaterials/Materials/MIC_PondScum_Cheaper.uasset" 421
"../../../../../UEWorkspace_book/xyz/MyProject/Content/WaterMaterials/Materials/M_PondScum.uasset" 422
"../../../../../UEWorkspace_book/xyz/MyProject/Content/WaterMaterials/Materials/MIC_PondScum.uasset" 423
"../../../../../UEWorkspace_book/xyz/MyProject/Content/WaterMaterials/Textures/T_Water_Normal_Large.uasset" 424
"../../../../../UEWorkspace_book/xyz/MyProject/Content/WaterMaterials/Textures/T_Water_Normal.uasset" 425
"../../../../../UEWorkspace_book/xyz/MyProject/Content/WaterMaterials/Textures/T_Lake_Waves02_Normals.uasset" 426
"../../../../../UEWorkspace_book/xyz/MyProject/Content/WaterMaterials/Textures/T_Lake_Waves01_Normals.uasset" 427
"../../../../../UEWorkspace_book/xyz/MyProject/Content/WaterMaterials/Textures/T_Lake_Waves01.uasset" 428
"../../../Engine/Content/Functions/Engine_MaterialFunctions02/Utility/Swizzle.uasset" 429
"../../../Engine/Content/Functions/Engine_MaterialFunctions02/ExampleContent/Textures/DebugNumberPeriod.uasset" 430
"../../../Engine/Content/Functions/Engine_MaterialFunctions02/ExampleContent/DebugNumberStrip.uasset" 431
"../../../Engine/Content/Functions/Engine_MaterialFunctions01/Texturing/TextureCropping.uasset" 432
"../../../Engine/Content/Functions/Engine_MaterialFunctions01/Texturing/ComputeMipLevel.uasset" 433
"../../../Engine/Content/Functions/Engine_MaterialFunctions02/Utility/DebugScalarValues.uasset" 434
"../../../Engine/Content/Functions/Engine_MaterialFunctions02/Utility/DebugFloat4Values.uasset" 435
"../../../Engine/Content/Functions/Engine_MaterialFunctions02/Utility/DebugFloat3Values.uasset" 436
"../../../Engine/Content/Functions/Engine_MaterialFunctions02/PassThrough.uasset" 437
"../../../Engine/Content/Functions/Engine_MaterialFunctions02/Normals/UnpackNormalFromFloat.uasset" 438
"../../../../../UEWorkspace_book/xyz/MyProject/Content/WaterMaterials/Textures/T_Lake_Waves02.uasset" 439
"../../../Engine/Content/Functions/Engine_MaterialFunctions02/ExampleContent/TextureBasedWPO/DemoBox_Normals.uasset" 440
"../../../Engine/Content/Functions/Engine_MaterialFunctions02/ExampleContent/TextureBasedWPO/DemoBox.uasset" 441
"../../../Engine/Content/Functions/Engine_MaterialFunctions02/Math/TimeWithSpeedVariable.uasset" 442
"../../../Engine/Content/Functions/Engine_MaterialFunctions02/ExampleContent/Greyscale.uasset" 443
"../../../Engine/Content/Functions/Engine_MaterialFunctions02/ExampleContent/Gradient.uasset" 444
"../../../Engine/Content/Functions/Engine_MaterialFunctions02/Gradients/GradientMap_Multi.uasset" 445
"../../../Engine/Content/Functions/Engine_MaterialFunctions02/MAXScripts/MS_VertexAnimationTools_MorphTargets.uasset" 446
"../../../../../UEWorkspace_book/xyz/MyProject/Content/WaterMaterials/Textures/T_Water_EdgeNormals.uasset" 447
"../../../../../UEWorkspace_book/xyz/MyProject/Content/WaterMaterials/Materials/MF_FixedDepth.uasset" 448
"../../../../../UEWorkspace_book/xyz/MyProject/Content/WaterMaterials/Materials/MF_RiverDepth_UVs.uasset" 449
"../../../../../UEWorkspace_book/xyz/MyProject/Content/WaterMaterials/Materials/M_Lake_Cheaper.uasset" 450
"../../../../../UEWorkspace_book/xyz/MyProject/Content/WaterMaterials/Materials/MIC_Lake_Waterfall_Cheaper.uasset" 451
"../../../../../UEWorkspace_book/xyz/MyProject/Content/WaterMaterials/Materials/M_Lake.uasset" 452
"../../../../../UEWorkspace_book/xyz/MyProject/Content/WaterMaterials/Materials/MIC_Lake_Waterfall.uasset" 453
"../../../../../UEWorkspace_book/xyz/MyProject/Content/WaterMaterials/Materials/M_Waterfall.uasset" 454
"../../../../../UEWorkspace_book/xyz/MyProject/Content/WaterMaterials/Materials/M_Water_Opaque.uasset" 455
"../../../../../UEWorkspace_book/xyz/MyProject/Content/WaterMaterials/Materials/M_Water_Clean_Cheaper.uasset" 456
"../../../../../UEWorkspace_book/xyz/MyProject/Content/WaterMaterials/Materials/M_Water_Clean.uasset" 457
"../../../../../UEWorkspace_book/xyz/MyProject/Content/WaterMaterials/Textures/T_River_Waves01_Normals.uasset" 458
"../../../../../UEWorkspace_book/xyz/MyProject/Content/WaterMaterials/Textures/T_River_Waves01.uasset" 459
"../../../../../UEWorkspace_book/xyz/MyProject/Content/WaterMaterials/Materials/M_River_Cheaper.uasset" 460
"../../../../../UEWorkspace_book/xyz/MyProject/Content/WaterMaterials/Textures/T_River_Waves02_Normals.uasset" 461
"../../../../../UEWorkspace_book/xyz/MyProject/Content/WaterMaterials/Textures/T_River_Waves02.uasset" 462
"../../../../../UEWorkspace_book/xyz/MyProject/Content/WaterMaterials/Materials/M_River.uasset" 463
"../../../../../UEWorkspace_book/xyz/MyProject/Content/WaterMaterials/Textures/T_Ocean_Foam.uasset" 464
"../../../../../UEWorkspace_book/xyz/MyProject/Content/WaterMaterials/Materials/M_Rapids_Cheaper.uasset" 465
"../../../../../UEWorkspace_book/xyz/MyProject/Content/WaterMaterials/Textures/T_Ocean_Waves01_Normals.uasset" 466
"../../../../../UEWorkspace_book/xyz/MyProject/Content/WaterMaterials/Textures/T_Ocean_Waves01.uasset" 467
"../../../../../UEWorkspace_book/xyz/MyProject/Content/WaterMaterials/Textures/T_Ocean_EdgeFoam.uasset" 468
"../../../../../UEWorkspace_book/xyz/MyProject/Content/WaterMaterials/Materials/MF_OceanDepth_UVs_Radial.uasset" 469
"../../../../../UEWorkspace_book/xyz/MyProject/Content/WaterMaterials/Materials/MF_OceanWave_Motion_Radial.uasset" 470
"../../../../../UEWorkspace_book/xyz/MyProject/Content/WaterMaterials/Materials/MF_Foam_Motion_Radial.uasset" 471
"../../../../../UEWorkspace_book/xyz/MyProject/Content/WaterMaterials/Materials/M_Ocean_Radial_Cheaper.uasset" 472
"../../../../../UEWorkspace_book/xyz/MyProject/Content/WaterMaterials/Textures/T_Ocean_Waves02_Normals.uasset" 473
"../../../../../UEWorkspace_book/xyz/MyProject/Content/WaterMaterials/Textures/T_Ocean_Waves02.uasset" 474
"../../../../../UEWorkspace_book/xyz/MyProject/Content/WaterMaterials/Materials/MF_OceanDepth_UVs.uasset" 475
"../../../../../UEWorkspace_book/xyz/MyProject/Content/WaterMaterials/Materials/M_Ocean_Radial.uasset" 476
"../../../../../UEWorkspace_book/xyz/MyProject/Content/WaterMaterials/Materials/MF_Foam_Motion.uasset" 477
"../../../../../UEWorkspace_book/xyz/MyProject/Content/WaterMaterials/Materials/M_Ocean_Distance.uasset" 478
"../../../../../UEWorkspace_book/xyz/MyProject/Content/WaterMaterials/Textures/T_Ocean_Waves_Shore_Normals.uasset" 479
"../../../../../UEWorkspace_book/xyz/MyProject/Content/WaterMaterials/Textures/T_Ocean_Waves_Shore.uasset" 480
"../../../../../UEWorkspace_book/xyz/MyProject/Content/WaterMaterials/Materials/MF_OceanWave_Motion.uasset" 481
"../../../../../UEWorkspace_book/xyz/MyProject/Content/WaterMaterials/Materials/M_Ocean_Cheaper.uasset" 482
"../../../../../UEWorkspace_book/xyz/MyProject/Content/WaterMaterials/Materials/M_Ocean.uasset" 483
"../../../../../UEWorkspace_book/xyz/MyProject/Content/WaterMaterials/Materials/M_Caustics.uasset" 484
"../../../Engine/Content/EditorMeshes/ColorCalibrator/M_ChromeBall.uasset" 485
"../../../../../UEWorkspace_book/xyz/MyProject/Content/WaterMaterials/Textures/T_Water_Pixelated.uasset" 486
"../../../../../UEWorkspace_book/xyz/MyProject/Content/WaterMaterials/Textures/T_Water_Gradient.uasset" 487
"../../../Engine/Content/Functions/Engine_MaterialFunctions02/Utility/Sign.uasset" 488
"../../../Engine/Content/Functions/Engine_MaterialFunctions02/Utility/Round.uasset" 489
"../../../Engine/Content/Functions/Engine_MaterialFunctions02/Utility/DebugFloat2Values.uasset" 490
"../../../Engine/Content/Functions/Engine_MaterialFunctions02/ExampleContent/Textures/flipbook.uasset" 491
"../../../Engine/Content/Functions/Engine_MaterialFunctions02/Texturing/FlipBook.uasset" 492
"../../../../../UEWorkspace_book/xyz/MyProject/Content/WaterMaterials/Materials/M_Water_Pixelated.uasset" 493
"../../../../../UEWorkspace_book/xyz/MyProject/Content/WaterMaterials/Blueprints/BP_Sunlight.uasset" 494
"../../../Engine/Content/BasicShapes/Cube.uasset" 495
"../../../Engine/Content/Functions/Engine_MaterialFunctions01/Density/ExponentialDensity.uasset" 496
"../../../Engine/Content/Functions/Engine_MaterialFunctions01/Gradient/RadialGradientExponential.uasset" 497
"../../../../../UEWorkspace_book/xyz/MyProject/Content/WaterMaterials/Materials/M_Waterfall_Foam.uasset" 498
"../../../../../UEWorkspace_book/xyz/MyProject/Content/WaterMaterials/Particles/P_Waterfall_Foam.uasset" 499
"../../../../../UEWorkspace_book/xyz/MyProject/Content/WaterMaterials/Textures/T_WaterSplash2.uasset" 500
"../../../../../UEWorkspace_book/xyz/MyProject/Content/WaterMaterials/Textures/T_WaterSplash2_N.uasset" 501
"../../../../../UEWorkspace_book/xyz/MyProject/Content/WaterMaterials/Textures/T_FrameClamp.uasset" 502
"../../../../../UEWorkspace_book/xyz/MyProject/Content/WaterMaterials/Materials/M_WaterSplash.uasset" 503
"../../../../../UEWorkspace_book/xyz/MyProject/Content/WaterMaterials/Particles/P_Water_Splashes.uasset" 504
"../../../../../UEWorkspace_book/xyz/MyProject/Content/WaterMaterials/Meshes/SM_Waterfall_Base.uasset" 505
"../../../../../UEWorkspace_book/xyz/MyProject/Content/WaterMaterials/Materials/MIC_Waterfall_Arc.uasset" 506
"../../../../../UEWorkspace_book/xyz/MyProject/Content/WaterMaterials/Meshes/SM_Waterfall_Arc.uasset" 507
"../../../../../UEWorkspace_book/xyz/MyProject/Content/WaterMaterials/Meshes/SM_Water_Plane.uasset" 508
"../../../../../UEWorkspace_book/xyz/MyProject/Content/WaterMaterials/Meshes/SM_Shore.uasset" 509
"../../../../../UEWorkspace_book/xyz/MyProject/Content/WaterMaterials/Meshes/SM_Riverbank.uasset" 510
"../../../../../UEWorkspace_book/xyz/MyProject/Content/WaterMaterials/Meshes/SM_River_Rock.uasset" 511
"../../../../../UEWorkspace_book/xyz/MyProject/Content/WaterMaterials/Materials/M_RapidsBank.uasset" 512
"../../../../../UEWorkspace_book/xyz/MyProject/Content/WaterMaterials/Meshes/SM_RapidsBank.uasset" 513
"../../../../../UEWorkspace_book/xyz/MyProject/Content/WaterMaterials/Materials/M_Rapids.uasset" 514
"../../../../../UEWorkspace_book/xyz/MyProject/Content/WaterMaterials/Meshes/SM_Rapids.uasset" 515
"../../../../../UEWorkspace_book/xyz/MyProject/Content/WaterMaterials/Meshes/SM_LakeBank.uasset" 516
"../../../../../UEWorkspace_book/xyz/MyProject/Content/WaterMaterials/Maps/Overview.umap" 517
"../../../Engine/Content/EngineMaterials/DefaultPhysicalMaterial.uasset" 518
"../../../../../UEWorkspace_book/xyz/MyProject/Content/Levels/Gym_Default_BuiltData.uasset" 519
"../../../Engine/Content/MapTemplates/SM_Template_Map_Floor.uasset" 520
"../../../../../UEWorkspace_book/xyz/MyProject/Content/ThirdPersonTemplate/Curves/BasePlatformCurve.uasset" 521
"../../../Engine/Content/EditorShellMaterials/T_BaseOverlay.uasset" 522
"../../../Engine/Content/EditorShellMaterials/T_Base.uasset" 523
"../../../Engine/Content/EditorShellMaterials/M_ShellMaster.uasset" 524
"../../../../../UEWorkspace_book/xyz/MyProject/Content/Materials/MetricMaterials/MI_BaseInterpMesh_WUV_For_Wall.uasset" 525
"../../../../../UEWorkspace_book/xyz/MyProject/Content/ThirdPersonTemplate/ThirdPersonBP/Blueprints/platforms/BP_BasePlatform.uasset" 526
"../../../../../UEWorkspace_book/xyz/MyProject/Content/ThirdPersonTemplate/ThirdPersonBP/Blueprints/invoker/BP_PlatformInvoker.uasset" 527
"../../../../../UEWorkspace_book/xyz/MyProject/Content/Materials/MetricMaterials/MI_BaseInterpMesh_WUV_For_Floor.uasset" 528
"../../../../../UEWorkspace_book/xyz/MyProject/Content/Meshes/CheckPoint.uasset" 529
"../../../../../UEWorkspace_book/xyz/MyProject/Content/Core/MaterialLibrary/M_DefaultObject.uasset" 530
"../../../../../UEWorkspace_book/xyz/MyProject/Content/Core/Invironment/Zipline/MI_DefaultZiplineRail.uasset" 531
"../../../../../UEWorkspace_book/xyz/MyProject/Content/Core/Invironment/Zipline/SM_ZiplineRailMesh.uasset" 532
"../../../../../UEWorkspace_book/xyz/MyProject/Content/Core/Invironment/Zipline/SM_Zipline.uasset" 533
"../../../../../UEWorkspace_book/xyz/MyProject/Content/Core/Invironment/Zipline/SM_ZiplineWithLedge.uasset" 534
"../../../../../UEWorkspace_book/xyz/MyProject/Content/Core/Invironment/Zipline/BP_Zipline.uasset" 535
"../../../../../UEWorkspace_book/xyz/MyProject/Content/Core/Invironment/CrossWind/BP_CrossWind.uasset" 536
"../../../../../UEWorkspace_book/xyz/MyProject/Content/Core/Invironment/MI_DefaultLedder.uasset" 537
"../../../../../UEWorkspace_book/xyz/MyProject/Content/Core/Invironment/SM_Default_Ladder_Step_50cm.uasset" 538
"../../../../../UEWorkspace_book/xyz/MyProject/Content/Core/Invironment/SM_Default_Ladder_Rail_1m.uasset" 539
"../../../../../UEWorkspace_book/xyz/MyProject/Content/Core/Characters/Player/Animations/AS_Ladder_ClimbingDownOnto.uasset" 540
"../../../../../UEWorkspace_book/xyz/MyProject/Content/Core/Characters/Player/Animations/AM_Ladder_ClimbingDownOnto.uasset" 541
"../../../../../UEWorkspace_book/xyz/MyProject/Content/Core/Invironment/BP_Ladder.uasset" 542
"../../../../../UEWorkspace_book/xyz/MyProject/Content/Levels/Gym_Default.umap" 543
"../../../Engine/Content/Functions/Engine_MaterialFunctions02/Utility/VectorLength.uasset" 544
"../../../Engine/Content/Functions/Engine_MaterialFunctions02/WorldPositionOffset/ObjectScale.uasset" 545
"../../Plugins/Enterprise/DatasmithContent/Content/Materials/FBXImporter/VRED/VREDRepeatMode.uasset" 546
"../../../Engine/Content/Functions/Engine_MaterialFunctions02/Texturing/CustomRotator.uasset" 547
"../../Plugins/Enterprise/DatasmithContent/Content/Materials/FBXImporter/VRED/UVMapping.uasset" 548
"../../../Engine/Content/Functions/Engine_MaterialFunctions02/WorldPositionOffset/LocalPosition.uasset" 549
"../../Plugins/Enterprise/DatasmithContent/Content/Materials/FBXImporter/VRED/TriplanarMapping.uasset" 550
"../../Plugins/Enterprise/DatasmithContent/Content/Materials/FBXImporter/VRED/PlanarMapping.uasset" 551
"../../Plugins/Enterprise/DatasmithContent/Content/Materials/FBXImporter/VRED/VREDTextureRead.uasset" 552
"../../../Engine/Content/Functions/Engine_MaterialFunctions01/Texturing/FlattenNormal.uasset" 553
"../../Plugins/Enterprise/DatasmithContent/Content/Materials/FBXImporter/VRED/ProcessNormal.uasset" 554
"../../../Engine/Content/Functions/Engine_MaterialFunctions01/Texturing/BakedDisplacement.uasset" 555
"../../Plugins/Enterprise/DatasmithContent/Content/Materials/FBXImporter/VRED/Chrome.uasset" 556
"../../../../../UEWorkspace_book/xyz/MyProject/Content/Levels/LocamotionLevel_BuiltData.uasset" 557
"../../../../../UEWorkspace_book/xyz/MyProject/Content/ThirdPersonTemplate/Curves/BasePlatformCurveForElevator.uasset" 558
"../../../../../UEWorkspace_book/xyz/MyProject/Content/Materials/MetricMaterials/MI_BaseInterpMesh_WUV_For_RunWall.uasset" 559
"../../../../../UEWorkspace_book/xyz/MyProject/Content/Meshes/Cylinder_RunWall.uasset" 560
"../../../../../UEWorkspace_book/xyz/MyProject/Content/Core/Invironment/Teleport/BP_Teleport.uasset" 561
"../../../Engine/Content/EngineMeshes/Cube.uasset" 562
"../../Plugins/Enterprise/DatasmithContent/Content/Materials/AliasMaster.uasset" 563
"../../../../../UEWorkspace_book/xyz/MyProject/Content/Core/Invironment/MI_HitMaterials.uasset" 564
"../../../../../UEWorkspace_book/xyz/MyProject/Content/Core/Invironment/Block/BP_TrapBlock.uasset" 565
"../../../../../UEWorkspace_book/xyz/MyProject/Content/Levels/LocamotionLevel.umap" 566
"../../../Engine/Content/Maps/Entry_BuiltData.uasset" 567
"../../../Engine/Content/Maps/Entry.umap" 568
